<?xml version="1.0" encoding="UTF-8"?>
<testsuite name="taxipark.TestTask4SmartPassengers" tests="12" skipped="0" failures="6" errors="0" timestamp="2019-10-22T08:49:46" hostname="motamed-PC" time="0.256">
  <properties/>
  <testcase name="test00" classname="taxipark.TestTask4SmartPassengers" time="0.193"/>
  <testcase name="test01" classname="taxipark.TestTask4SmartPassengers" time="0.005"/>
  <testcase name="test02" classname="taxipark.TestTask4SmartPassengers" time="0.008"/>
  <testcase name="test03" classname="taxipark.TestTask4SmartPassengers" time="0.012">
    <failure message="java.lang.AssertionError: Wrong result for 'findSmartPassengers()'.&#13;&#10;Taxi park:&#13;&#10;Drivers: [D-0, D-1, D-2]&#13;&#10;Passengers: [P-0, P-1, P-2]&#13;&#10;Trips: [(D-2, [P-2, P-1], 14, 10.0, 0.4), (D-1, [P-1, P-2, P-0], 20, 26.0), (D-0, [P-2, P-0], 15, 14.0, 0.4), (D-0, [P-2, P-1], 4, 17.0, 0.2), (D-1, [P-0, P-1, P-2], 35, 23.0), (D-2, [P-1], 28, 5.0), (D-0, [P-0], 30, 25.0, 0.3), (D-0, [P-2, P-0], 24, 13.0), (D-0, [P-0, P-2], 5, 5.0, 0.2), (D-0, [P-2], 39, 29.0, 0.1), (D-1, [P-0, P-2], 25, 9.0), (D-2, [P-2, P-0], 36, 23.0, 0.2)]&#13;&#10; expected:&lt;[Passenger(name=P-2)]&gt; but was:&lt;[]&gt;" type="java.lang.AssertionError">java.lang.AssertionError: Wrong result for 'findSmartPassengers()'.
Taxi park:
Drivers: [D-0, D-1, D-2]
Passengers: [P-0, P-1, P-2]
Trips: [(D-2, [P-2, P-1], 14, 10.0, 0.4), (D-1, [P-1, P-2, P-0], 20, 26.0), (D-0, [P-2, P-0], 15, 14.0, 0.4), (D-0, [P-2, P-1], 4, 17.0, 0.2), (D-1, [P-0, P-1, P-2], 35, 23.0), (D-2, [P-1], 28, 5.0), (D-0, [P-0], 30, 25.0, 0.3), (D-0, [P-2, P-0], 24, 13.0), (D-0, [P-0, P-2], 5, 5.0, 0.2), (D-0, [P-2], 39, 29.0, 0.1), (D-1, [P-0, P-2], 25, 9.0), (D-2, [P-2, P-0], 36, 23.0, 0.2)]
 expected:&lt;[Passenger(name=P-2)]&gt; but was:&lt;[]&gt;
	at org.junit.Assert.fail(Assert.java:88)
	at org.junit.Assert.failNotEquals(Assert.java:834)
	at org.junit.Assert.assertEquals(Assert.java:118)
	at taxipark.TestTask4SmartPassengers.testSmartPassengers(TestTask4SmartPassengers.kt:13)
	at taxipark.TestTask4SmartPassengers.test03(TestTask4SmartPassengers.kt:42)
	at sun.reflect.NativeMethodAccessorImpl.invoke0(Native Method)
	at sun.reflect.NativeMethodAccessorImpl.invoke(NativeMethodAccessorImpl.java:62)
	at sun.reflect.DelegatingMethodAccessorImpl.invoke(DelegatingMethodAccessorImpl.java:43)
	at java.lang.reflect.Method.invoke(Method.java:497)
	at org.junit.runners.model.FrameworkMethod$1.runReflectiveCall(FrameworkMethod.java:50)
	at org.junit.internal.runners.model.ReflectiveCallable.run(ReflectiveCallable.java:12)
	at org.junit.runners.model.FrameworkMethod.invokeExplosively(FrameworkMethod.java:47)
	at org.junit.internal.runners.statements.InvokeMethod.evaluate(InvokeMethod.java:17)
	at org.junit.runners.ParentRunner.runLeaf(ParentRunner.java:325)
	at org.junit.runners.BlockJUnit4ClassRunner.runChild(BlockJUnit4ClassRunner.java:78)
	at org.junit.runners.BlockJUnit4ClassRunner.runChild(BlockJUnit4ClassRunner.java:57)
	at org.junit.runners.ParentRunner$3.run(ParentRunner.java:290)
	at org.junit.runners.ParentRunner$1.schedule(ParentRunner.java:71)
	at org.junit.runners.ParentRunner.runChildren(ParentRunner.java:288)
	at org.junit.runners.ParentRunner.access$000(ParentRunner.java:58)
	at org.junit.runners.ParentRunner$2.evaluate(ParentRunner.java:268)
	at org.junit.runners.ParentRunner.run(ParentRunner.java:363)
	at org.gradle.api.internal.tasks.testing.junit.JUnitTestClassExecutor.runTestClass(JUnitTestClassExecutor.java:110)
	at org.gradle.api.internal.tasks.testing.junit.JUnitTestClassExecutor.execute(JUnitTestClassExecutor.java:58)
	at org.gradle.api.internal.tasks.testing.junit.JUnitTestClassExecutor.execute(JUnitTestClassExecutor.java:38)
	at org.gradle.api.internal.tasks.testing.junit.AbstractJUnitTestClassProcessor.processTestClass(AbstractJUnitTestClassProcessor.java:62)
	at org.gradle.api.internal.tasks.testing.SuiteTestClassProcessor.processTestClass(SuiteTestClassProcessor.java:51)
	at sun.reflect.NativeMethodAccessorImpl.invoke0(Native Method)
	at sun.reflect.NativeMethodAccessorImpl.invoke(NativeMethodAccessorImpl.java:62)
	at sun.reflect.DelegatingMethodAccessorImpl.invoke(DelegatingMethodAccessorImpl.java:43)
	at java.lang.reflect.Method.invoke(Method.java:497)
	at org.gradle.internal.dispatch.ReflectionDispatch.dispatch(ReflectionDispatch.java:35)
	at org.gradle.internal.dispatch.ReflectionDispatch.dispatch(ReflectionDispatch.java:24)
	at org.gradle.internal.dispatch.ContextClassLoaderDispatch.dispatch(ContextClassLoaderDispatch.java:32)
	at org.gradle.internal.dispatch.ProxyDispatchAdapter$DispatchingInvocationHandler.invoke(ProxyDispatchAdapter.java:93)
	at com.sun.proxy.$Proxy2.processTestClass(Unknown Source)
	at org.gradle.api.internal.tasks.testing.worker.TestWorker.processTestClass(TestWorker.java:118)
	at sun.reflect.NativeMethodAccessorImpl.invoke0(Native Method)
	at sun.reflect.NativeMethodAccessorImpl.invoke(NativeMethodAccessorImpl.java:62)
	at sun.reflect.DelegatingMethodAccessorImpl.invoke(DelegatingMethodAccessorImpl.java:43)
	at java.lang.reflect.Method.invoke(Method.java:497)
	at org.gradle.internal.dispatch.ReflectionDispatch.dispatch(ReflectionDispatch.java:35)
	at org.gradle.internal.dispatch.ReflectionDispatch.dispatch(ReflectionDispatch.java:24)
	at org.gradle.internal.remote.internal.hub.MessageHubBackedObjectConnection$DispatchWrapper.dispatch(MessageHubBackedObjectConnection.java:175)
	at org.gradle.internal.remote.internal.hub.MessageHubBackedObjectConnection$DispatchWrapper.dispatch(MessageHubBackedObjectConnection.java:157)
	at org.gradle.internal.remote.internal.hub.MessageHub$Handler.run(MessageHub.java:404)
	at org.gradle.internal.concurrent.ExecutorPolicy$CatchAndRecordFailures.onExecute(ExecutorPolicy.java:63)
	at org.gradle.internal.concurrent.ManagedExecutorImpl$1.run(ManagedExecutorImpl.java:46)
	at java.util.concurrent.ThreadPoolExecutor.runWorker(ThreadPoolExecutor.java:1142)
	at java.util.concurrent.ThreadPoolExecutor$Worker.run(ThreadPoolExecutor.java:617)
	at org.gradle.internal.concurrent.ThreadFactoryImpl$ManagedThreadRunnable.run(ThreadFactoryImpl.java:55)
	at java.lang.Thread.run(Thread.java:745)
</failure>
  </testcase>
  <testcase name="test04" classname="taxipark.TestTask4SmartPassengers" time="0.003">
    <failure message="java.lang.AssertionError: Wrong result for 'findSmartPassengers()'.&#13;&#10;Taxi park:&#13;&#10;Drivers: [D-0, D-1, D-2]&#13;&#10;Passengers: [P-0, P-1, P-2]&#13;&#10;Trips: [(D-2, [P-0], 8, 2.0), (D-1, [P-2], 36, 8.0), (D-1, [P-1], 29, 8.0, 0.1), (D-2, [P-0], 22, 10.0, 0.4), (D-1, [P-1], 16, 27.0), (D-1, [P-0, P-1], 20, 35.0, 0.3), (D-0, [P-2, P-0], 12, 18.0), (D-0, [P-1], 25, 21.0), (D-0, [P-2, P-1], 9, 23.0, 0.3), (D-2, [P-2], 12, 8.0), (D-1, [P-1, P-2, P-0], 24, 10.0, 0.3), (D-2, [P-1], 18, 14.0, 0.3)]&#13;&#10; expected:&lt;[Passenger(name=P-0), Passenger(name=P-1)]&gt; but was:&lt;[]&gt;" type="java.lang.AssertionError">java.lang.AssertionError: Wrong result for 'findSmartPassengers()'.
Taxi park:
Drivers: [D-0, D-1, D-2]
Passengers: [P-0, P-1, P-2]
Trips: [(D-2, [P-0], 8, 2.0), (D-1, [P-2], 36, 8.0), (D-1, [P-1], 29, 8.0, 0.1), (D-2, [P-0], 22, 10.0, 0.4), (D-1, [P-1], 16, 27.0), (D-1, [P-0, P-1], 20, 35.0, 0.3), (D-0, [P-2, P-0], 12, 18.0), (D-0, [P-1], 25, 21.0), (D-0, [P-2, P-1], 9, 23.0, 0.3), (D-2, [P-2], 12, 8.0), (D-1, [P-1, P-2, P-0], 24, 10.0, 0.3), (D-2, [P-1], 18, 14.0, 0.3)]
 expected:&lt;[Passenger(name=P-0), Passenger(name=P-1)]&gt; but was:&lt;[]&gt;
	at org.junit.Assert.fail(Assert.java:88)
	at org.junit.Assert.failNotEquals(Assert.java:834)
	at org.junit.Assert.assertEquals(Assert.java:118)
	at taxipark.TestTask4SmartPassengers.testSmartPassengers(TestTask4SmartPassengers.kt:13)
	at taxipark.TestTask4SmartPassengers.test04(TestTask4SmartPassengers.kt:57)
	at sun.reflect.NativeMethodAccessorImpl.invoke0(Native Method)
	at sun.reflect.NativeMethodAccessorImpl.invoke(NativeMethodAccessorImpl.java:62)
	at sun.reflect.DelegatingMethodAccessorImpl.invoke(DelegatingMethodAccessorImpl.java:43)
	at java.lang.reflect.Method.invoke(Method.java:497)
	at org.junit.runners.model.FrameworkMethod$1.runReflectiveCall(FrameworkMethod.java:50)
	at org.junit.internal.runners.model.ReflectiveCallable.run(ReflectiveCallable.java:12)
	at org.junit.runners.model.FrameworkMethod.invokeExplosively(FrameworkMethod.java:47)
	at org.junit.internal.runners.statements.InvokeMethod.evaluate(InvokeMethod.java:17)
	at org.junit.runners.ParentRunner.runLeaf(ParentRunner.java:325)
	at org.junit.runners.BlockJUnit4ClassRunner.runChild(BlockJUnit4ClassRunner.java:78)
	at org.junit.runners.BlockJUnit4ClassRunner.runChild(BlockJUnit4ClassRunner.java:57)
	at org.junit.runners.ParentRunner$3.run(ParentRunner.java:290)
	at org.junit.runners.ParentRunner$1.schedule(ParentRunner.java:71)
	at org.junit.runners.ParentRunner.runChildren(ParentRunner.java:288)
	at org.junit.runners.ParentRunner.access$000(ParentRunner.java:58)
	at org.junit.runners.ParentRunner$2.evaluate(ParentRunner.java:268)
	at org.junit.runners.ParentRunner.run(ParentRunner.java:363)
	at org.gradle.api.internal.tasks.testing.junit.JUnitTestClassExecutor.runTestClass(JUnitTestClassExecutor.java:110)
	at org.gradle.api.internal.tasks.testing.junit.JUnitTestClassExecutor.execute(JUnitTestClassExecutor.java:58)
	at org.gradle.api.internal.tasks.testing.junit.JUnitTestClassExecutor.execute(JUnitTestClassExecutor.java:38)
	at org.gradle.api.internal.tasks.testing.junit.AbstractJUnitTestClassProcessor.processTestClass(AbstractJUnitTestClassProcessor.java:62)
	at org.gradle.api.internal.tasks.testing.SuiteTestClassProcessor.processTestClass(SuiteTestClassProcessor.java:51)
	at sun.reflect.NativeMethodAccessorImpl.invoke0(Native Method)
	at sun.reflect.NativeMethodAccessorImpl.invoke(NativeMethodAccessorImpl.java:62)
	at sun.reflect.DelegatingMethodAccessorImpl.invoke(DelegatingMethodAccessorImpl.java:43)
	at java.lang.reflect.Method.invoke(Method.java:497)
	at org.gradle.internal.dispatch.ReflectionDispatch.dispatch(ReflectionDispatch.java:35)
	at org.gradle.internal.dispatch.ReflectionDispatch.dispatch(ReflectionDispatch.java:24)
	at org.gradle.internal.dispatch.ContextClassLoaderDispatch.dispatch(ContextClassLoaderDispatch.java:32)
	at org.gradle.internal.dispatch.ProxyDispatchAdapter$DispatchingInvocationHandler.invoke(ProxyDispatchAdapter.java:93)
	at com.sun.proxy.$Proxy2.processTestClass(Unknown Source)
	at org.gradle.api.internal.tasks.testing.worker.TestWorker.processTestClass(TestWorker.java:118)
	at sun.reflect.NativeMethodAccessorImpl.invoke0(Native Method)
	at sun.reflect.NativeMethodAccessorImpl.invoke(NativeMethodAccessorImpl.java:62)
	at sun.reflect.DelegatingMethodAccessorImpl.invoke(DelegatingMethodAccessorImpl.java:43)
	at java.lang.reflect.Method.invoke(Method.java:497)
	at org.gradle.internal.dispatch.ReflectionDispatch.dispatch(ReflectionDispatch.java:35)
	at org.gradle.internal.dispatch.ReflectionDispatch.dispatch(ReflectionDispatch.java:24)
	at org.gradle.internal.remote.internal.hub.MessageHubBackedObjectConnection$DispatchWrapper.dispatch(MessageHubBackedObjectConnection.java:175)
	at org.gradle.internal.remote.internal.hub.MessageHubBackedObjectConnection$DispatchWrapper.dispatch(MessageHubBackedObjectConnection.java:157)
	at org.gradle.internal.remote.internal.hub.MessageHub$Handler.run(MessageHub.java:404)
	at org.gradle.internal.concurrent.ExecutorPolicy$CatchAndRecordFailures.onExecute(ExecutorPolicy.java:63)
	at org.gradle.internal.concurrent.ManagedExecutorImpl$1.run(ManagedExecutorImpl.java:46)
	at java.util.concurrent.ThreadPoolExecutor.runWorker(ThreadPoolExecutor.java:1142)
	at java.util.concurrent.ThreadPoolExecutor$Worker.run(ThreadPoolExecutor.java:617)
	at org.gradle.internal.concurrent.ThreadFactoryImpl$ManagedThreadRunnable.run(ThreadFactoryImpl.java:55)
	at java.lang.Thread.run(Thread.java:745)
</failure>
  </testcase>
  <testcase name="test05" classname="taxipark.TestTask4SmartPassengers" time="0.002"/>
  <testcase name="test06" classname="taxipark.TestTask4SmartPassengers" time="0.004">
    <failure message="java.lang.AssertionError: Wrong result for 'findSmartPassengers()'.&#13;&#10;Taxi park:&#13;&#10;Drivers: [D-0, D-1, D-2]&#13;&#10;Passengers: [P-0, P-1, P-2]&#13;&#10;Trips: [(D-1, [P-1], 19, 23.0), (D-2, [P-2], 16, 39.0, 0.1), (D-1, [P-1], 19, 27.0), (D-2, [P-1], 9, 1.0), (D-0, [P-2, P-1, P-0], 24, 24.0), (D-0, [P-0], 9, 13.0, 0.1), (D-1, [P-2, P-0], 36, 20.0, 0.1), (D-1, [P-2, P-1], 16, 6.0, 0.2), (D-2, [P-0, P-1], 27, 8.0), (D-1, [P-2], 15, 31.0, 0.2), (D-2, [P-0, P-2, P-1], 0, 1.0), (D-2, [P-0, P-2], 15, 34.0, 0.3)]&#13;&#10; expected:&lt;[Passenger(name=P-2)]&gt; but was:&lt;[]&gt;" type="java.lang.AssertionError">java.lang.AssertionError: Wrong result for 'findSmartPassengers()'.
Taxi park:
Drivers: [D-0, D-1, D-2]
Passengers: [P-0, P-1, P-2]
Trips: [(D-1, [P-1], 19, 23.0), (D-2, [P-2], 16, 39.0, 0.1), (D-1, [P-1], 19, 27.0), (D-2, [P-1], 9, 1.0), (D-0, [P-2, P-1, P-0], 24, 24.0), (D-0, [P-0], 9, 13.0, 0.1), (D-1, [P-2, P-0], 36, 20.0, 0.1), (D-1, [P-2, P-1], 16, 6.0, 0.2), (D-2, [P-0, P-1], 27, 8.0), (D-1, [P-2], 15, 31.0, 0.2), (D-2, [P-0, P-2, P-1], 0, 1.0), (D-2, [P-0, P-2], 15, 34.0, 0.3)]
 expected:&lt;[Passenger(name=P-2)]&gt; but was:&lt;[]&gt;
	at org.junit.Assert.fail(Assert.java:88)
	at org.junit.Assert.failNotEquals(Assert.java:834)
	at org.junit.Assert.assertEquals(Assert.java:118)
	at taxipark.TestTask4SmartPassengers.testSmartPassengers(TestTask4SmartPassengers.kt:13)
	at taxipark.TestTask4SmartPassengers.test06(TestTask4SmartPassengers.kt:87)
	at sun.reflect.NativeMethodAccessorImpl.invoke0(Native Method)
	at sun.reflect.NativeMethodAccessorImpl.invoke(NativeMethodAccessorImpl.java:62)
	at sun.reflect.DelegatingMethodAccessorImpl.invoke(DelegatingMethodAccessorImpl.java:43)
	at java.lang.reflect.Method.invoke(Method.java:497)
	at org.junit.runners.model.FrameworkMethod$1.runReflectiveCall(FrameworkMethod.java:50)
	at org.junit.internal.runners.model.ReflectiveCallable.run(ReflectiveCallable.java:12)
	at org.junit.runners.model.FrameworkMethod.invokeExplosively(FrameworkMethod.java:47)
	at org.junit.internal.runners.statements.InvokeMethod.evaluate(InvokeMethod.java:17)
	at org.junit.runners.ParentRunner.runLeaf(ParentRunner.java:325)
	at org.junit.runners.BlockJUnit4ClassRunner.runChild(BlockJUnit4ClassRunner.java:78)
	at org.junit.runners.BlockJUnit4ClassRunner.runChild(BlockJUnit4ClassRunner.java:57)
	at org.junit.runners.ParentRunner$3.run(ParentRunner.java:290)
	at org.junit.runners.ParentRunner$1.schedule(ParentRunner.java:71)
	at org.junit.runners.ParentRunner.runChildren(ParentRunner.java:288)
	at org.junit.runners.ParentRunner.access$000(ParentRunner.java:58)
	at org.junit.runners.ParentRunner$2.evaluate(ParentRunner.java:268)
	at org.junit.runners.ParentRunner.run(ParentRunner.java:363)
	at org.gradle.api.internal.tasks.testing.junit.JUnitTestClassExecutor.runTestClass(JUnitTestClassExecutor.java:110)
	at org.gradle.api.internal.tasks.testing.junit.JUnitTestClassExecutor.execute(JUnitTestClassExecutor.java:58)
	at org.gradle.api.internal.tasks.testing.junit.JUnitTestClassExecutor.execute(JUnitTestClassExecutor.java:38)
	at org.gradle.api.internal.tasks.testing.junit.AbstractJUnitTestClassProcessor.processTestClass(AbstractJUnitTestClassProcessor.java:62)
	at org.gradle.api.internal.tasks.testing.SuiteTestClassProcessor.processTestClass(SuiteTestClassProcessor.java:51)
	at sun.reflect.NativeMethodAccessorImpl.invoke0(Native Method)
	at sun.reflect.NativeMethodAccessorImpl.invoke(NativeMethodAccessorImpl.java:62)
	at sun.reflect.DelegatingMethodAccessorImpl.invoke(DelegatingMethodAccessorImpl.java:43)
	at java.lang.reflect.Method.invoke(Method.java:497)
	at org.gradle.internal.dispatch.ReflectionDispatch.dispatch(ReflectionDispatch.java:35)
	at org.gradle.internal.dispatch.ReflectionDispatch.dispatch(ReflectionDispatch.java:24)
	at org.gradle.internal.dispatch.ContextClassLoaderDispatch.dispatch(ContextClassLoaderDispatch.java:32)
	at org.gradle.internal.dispatch.ProxyDispatchAdapter$DispatchingInvocationHandler.invoke(ProxyDispatchAdapter.java:93)
	at com.sun.proxy.$Proxy2.processTestClass(Unknown Source)
	at org.gradle.api.internal.tasks.testing.worker.TestWorker.processTestClass(TestWorker.java:118)
	at sun.reflect.NativeMethodAccessorImpl.invoke0(Native Method)
	at sun.reflect.NativeMethodAccessorImpl.invoke(NativeMethodAccessorImpl.java:62)
	at sun.reflect.DelegatingMethodAccessorImpl.invoke(DelegatingMethodAccessorImpl.java:43)
	at java.lang.reflect.Method.invoke(Method.java:497)
	at org.gradle.internal.dispatch.ReflectionDispatch.dispatch(ReflectionDispatch.java:35)
	at org.gradle.internal.dispatch.ReflectionDispatch.dispatch(ReflectionDispatch.java:24)
	at org.gradle.internal.remote.internal.hub.MessageHubBackedObjectConnection$DispatchWrapper.dispatch(MessageHubBackedObjectConnection.java:175)
	at org.gradle.internal.remote.internal.hub.MessageHubBackedObjectConnection$DispatchWrapper.dispatch(MessageHubBackedObjectConnection.java:157)
	at org.gradle.internal.remote.internal.hub.MessageHub$Handler.run(MessageHub.java:404)
	at org.gradle.internal.concurrent.ExecutorPolicy$CatchAndRecordFailures.onExecute(ExecutorPolicy.java:63)
	at org.gradle.internal.concurrent.ManagedExecutorImpl$1.run(ManagedExecutorImpl.java:46)
	at java.util.concurrent.ThreadPoolExecutor.runWorker(ThreadPoolExecutor.java:1142)
	at java.util.concurrent.ThreadPoolExecutor$Worker.run(ThreadPoolExecutor.java:617)
	at org.gradle.internal.concurrent.ThreadFactoryImpl$ManagedThreadRunnable.run(ThreadFactoryImpl.java:55)
	at java.lang.Thread.run(Thread.java:745)
</failure>
  </testcase>
  <testcase name="test07" classname="taxipark.TestTask4SmartPassengers" time="0.001"/>
  <testcase name="test08" classname="taxipark.TestTask4SmartPassengers" time="0.001"/>
  <testcase name="test09" classname="taxipark.TestTask4SmartPassengers" time="0.007">
    <failure message="java.lang.AssertionError: Wrong result for 'findSmartPassengers()'.&#13;&#10;Taxi park:&#13;&#10;Drivers: [D-0, D-1, D-2, D-3, D-4, D-5, D-6, D-7, D-8, D-9]&#13;&#10;Passengers: [P-0, P-1, P-2, P-3, P-4, P-5, P-6, P-7, P-8, P-9]&#13;&#10;Trips: [(D-9, [P-7, P-4, P-0], 2, 33.0, 0.3), (D-0, [P-7], 0, 20.0), (D-0, [P-5], 20, 18.0), (D-8, [P-5], 21, 21.0, 0.1), (D-5, [P-0, P-9], 21, 11.0, 0.3), (D-2, [P-9], 22, 10.0, 0.3), (D-8, [P-2, P-1], 10, 24.0, 0.4), (D-6, [P-9], 1, 21.0), (D-4, [P-1], 16, 25.0, 0.2), (D-7, [P-3, P-7, P-5], 12, 34.0), (D-5, [P-2, P-7], 30, 1.0), (D-0, [P-0], 33, 9.0, 0.1), (D-7, [P-6], 19, 38.0), (D-3, [P-5, P-4, P-6], 37, 14.0), (D-6, [P-8, P-5, P-7], 32, 7.0, 0.3), (D-8, [P-1, P-4], 14, 8.0, 0.2), (D-0, [P-8, P-9, P-6], 21, 32.0), (D-7, [P-5, P-6], 8, 31.0, 0.4), (D-3, [P-9, P-3, P-7], 38, 28.0, 0.4), (D-9, [P-0], 27, 27.0, 0.4), (D-1, [P-6, P-9, P-7, P-4], 0, 13.0), (D-2, [P-6], 0, 9.0, 0.3), (D-8, [P-5], 7, 15.0), (D-5, [P-9, P-6, P-4], 7, 30.0), (D-6, [P-7], 28, 27.0, 0.2), (D-6, [P-7, P-8], 15, 11.0, 0.4), (D-1, [P-9], 16, 12.0, 0.1), (D-0, [P-9, P-7, P-2, P-1], 38, 32.0), (D-6, [P-2], 38, 25.0, 0.4), (D-0, [P-9, P-7, P-6], 38, 29.0, 0.1), (D-2, [P-9, P-7, P-8], 26, 7.0), (D-7, [P-5], 34, 22.0), (D-5, [P-4, P-8, P-5], 38, 17.0, 0.2), (D-0, [P-9], 30, 18.0), (D-5, [P-2, P-5], 25, 37.0, 0.4), (D-0, [P-0, P-4], 14, 21.0), (D-9, [P-5, P-3, P-7], 7, 23.0, 0.2), (D-6, [P-4, P-0, P-1], 36, 0.0), (D-9, [P-3, P-8, P-7], 3, 31.0), (D-9, [P-0], 6, 22.0, 0.1)]&#13;&#10; expected:&lt;[Passenger(name=P-0), Passenger(name=P-1), Passenger(name=P-2), Passenger(name=P-5)]&gt; but was:&lt;[]&gt;" type="java.lang.AssertionError">java.lang.AssertionError: Wrong result for 'findSmartPassengers()'.
Taxi park:
Drivers: [D-0, D-1, D-2, D-3, D-4, D-5, D-6, D-7, D-8, D-9]
Passengers: [P-0, P-1, P-2, P-3, P-4, P-5, P-6, P-7, P-8, P-9]
Trips: [(D-9, [P-7, P-4, P-0], 2, 33.0, 0.3), (D-0, [P-7], 0, 20.0), (D-0, [P-5], 20, 18.0), (D-8, [P-5], 21, 21.0, 0.1), (D-5, [P-0, P-9], 21, 11.0, 0.3), (D-2, [P-9], 22, 10.0, 0.3), (D-8, [P-2, P-1], 10, 24.0, 0.4), (D-6, [P-9], 1, 21.0), (D-4, [P-1], 16, 25.0, 0.2), (D-7, [P-3, P-7, P-5], 12, 34.0), (D-5, [P-2, P-7], 30, 1.0), (D-0, [P-0], 33, 9.0, 0.1), (D-7, [P-6], 19, 38.0), (D-3, [P-5, P-4, P-6], 37, 14.0), (D-6, [P-8, P-5, P-7], 32, 7.0, 0.3), (D-8, [P-1, P-4], 14, 8.0, 0.2), (D-0, [P-8, P-9, P-6], 21, 32.0), (D-7, [P-5, P-6], 8, 31.0, 0.4), (D-3, [P-9, P-3, P-7], 38, 28.0, 0.4), (D-9, [P-0], 27, 27.0, 0.4), (D-1, [P-6, P-9, P-7, P-4], 0, 13.0), (D-2, [P-6], 0, 9.0, 0.3), (D-8, [P-5], 7, 15.0), (D-5, [P-9, P-6, P-4], 7, 30.0), (D-6, [P-7], 28, 27.0, 0.2), (D-6, [P-7, P-8], 15, 11.0, 0.4), (D-1, [P-9], 16, 12.0, 0.1), (D-0, [P-9, P-7, P-2, P-1], 38, 32.0), (D-6, [P-2], 38, 25.0, 0.4), (D-0, [P-9, P-7, P-6], 38, 29.0, 0.1), (D-2, [P-9, P-7, P-8], 26, 7.0), (D-7, [P-5], 34, 22.0), (D-5, [P-4, P-8, P-5], 38, 17.0, 0.2), (D-0, [P-9], 30, 18.0), (D-5, [P-2, P-5], 25, 37.0, 0.4), (D-0, [P-0, P-4], 14, 21.0), (D-9, [P-5, P-3, P-7], 7, 23.0, 0.2), (D-6, [P-4, P-0, P-1], 36, 0.0), (D-9, [P-3, P-8, P-7], 3, 31.0), (D-9, [P-0], 6, 22.0, 0.1)]
 expected:&lt;[Passenger(name=P-0), Passenger(name=P-1), Passenger(name=P-2), Passenger(name=P-5)]&gt; but was:&lt;[]&gt;
	at org.junit.Assert.fail(Assert.java:88)
	at org.junit.Assert.failNotEquals(Assert.java:834)
	at org.junit.Assert.assertEquals(Assert.java:118)
	at taxipark.TestTask4SmartPassengers.testSmartPassengers(TestTask4SmartPassengers.kt:13)
	at taxipark.TestTask4SmartPassengers.test09(TestTask4SmartPassengers.kt:132)
	at sun.reflect.NativeMethodAccessorImpl.invoke0(Native Method)
	at sun.reflect.NativeMethodAccessorImpl.invoke(NativeMethodAccessorImpl.java:62)
	at sun.reflect.DelegatingMethodAccessorImpl.invoke(DelegatingMethodAccessorImpl.java:43)
	at java.lang.reflect.Method.invoke(Method.java:497)
	at org.junit.runners.model.FrameworkMethod$1.runReflectiveCall(FrameworkMethod.java:50)
	at org.junit.internal.runners.model.ReflectiveCallable.run(ReflectiveCallable.java:12)
	at org.junit.runners.model.FrameworkMethod.invokeExplosively(FrameworkMethod.java:47)
	at org.junit.internal.runners.statements.InvokeMethod.evaluate(InvokeMethod.java:17)
	at org.junit.runners.ParentRunner.runLeaf(ParentRunner.java:325)
	at org.junit.runners.BlockJUnit4ClassRunner.runChild(BlockJUnit4ClassRunner.java:78)
	at org.junit.runners.BlockJUnit4ClassRunner.runChild(BlockJUnit4ClassRunner.java:57)
	at org.junit.runners.ParentRunner$3.run(ParentRunner.java:290)
	at org.junit.runners.ParentRunner$1.schedule(ParentRunner.java:71)
	at org.junit.runners.ParentRunner.runChildren(ParentRunner.java:288)
	at org.junit.runners.ParentRunner.access$000(ParentRunner.java:58)
	at org.junit.runners.ParentRunner$2.evaluate(ParentRunner.java:268)
	at org.junit.runners.ParentRunner.run(ParentRunner.java:363)
	at org.gradle.api.internal.tasks.testing.junit.JUnitTestClassExecutor.runTestClass(JUnitTestClassExecutor.java:110)
	at org.gradle.api.internal.tasks.testing.junit.JUnitTestClassExecutor.execute(JUnitTestClassExecutor.java:58)
	at org.gradle.api.internal.tasks.testing.junit.JUnitTestClassExecutor.execute(JUnitTestClassExecutor.java:38)
	at org.gradle.api.internal.tasks.testing.junit.AbstractJUnitTestClassProcessor.processTestClass(AbstractJUnitTestClassProcessor.java:62)
	at org.gradle.api.internal.tasks.testing.SuiteTestClassProcessor.processTestClass(SuiteTestClassProcessor.java:51)
	at sun.reflect.NativeMethodAccessorImpl.invoke0(Native Method)
	at sun.reflect.NativeMethodAccessorImpl.invoke(NativeMethodAccessorImpl.java:62)
	at sun.reflect.DelegatingMethodAccessorImpl.invoke(DelegatingMethodAccessorImpl.java:43)
	at java.lang.reflect.Method.invoke(Method.java:497)
	at org.gradle.internal.dispatch.ReflectionDispatch.dispatch(ReflectionDispatch.java:35)
	at org.gradle.internal.dispatch.ReflectionDispatch.dispatch(ReflectionDispatch.java:24)
	at org.gradle.internal.dispatch.ContextClassLoaderDispatch.dispatch(ContextClassLoaderDispatch.java:32)
	at org.gradle.internal.dispatch.ProxyDispatchAdapter$DispatchingInvocationHandler.invoke(ProxyDispatchAdapter.java:93)
	at com.sun.proxy.$Proxy2.processTestClass(Unknown Source)
	at org.gradle.api.internal.tasks.testing.worker.TestWorker.processTestClass(TestWorker.java:118)
	at sun.reflect.NativeMethodAccessorImpl.invoke0(Native Method)
	at sun.reflect.NativeMethodAccessorImpl.invoke(NativeMethodAccessorImpl.java:62)
	at sun.reflect.DelegatingMethodAccessorImpl.invoke(DelegatingMethodAccessorImpl.java:43)
	at java.lang.reflect.Method.invoke(Method.java:497)
	at org.gradle.internal.dispatch.ReflectionDispatch.dispatch(ReflectionDispatch.java:35)
	at org.gradle.internal.dispatch.ReflectionDispatch.dispatch(ReflectionDispatch.java:24)
	at org.gradle.internal.remote.internal.hub.MessageHubBackedObjectConnection$DispatchWrapper.dispatch(MessageHubBackedObjectConnection.java:175)
	at org.gradle.internal.remote.internal.hub.MessageHubBackedObjectConnection$DispatchWrapper.dispatch(MessageHubBackedObjectConnection.java:157)
	at org.gradle.internal.remote.internal.hub.MessageHub$Handler.run(MessageHub.java:404)
	at org.gradle.internal.concurrent.ExecutorPolicy$CatchAndRecordFailures.onExecute(ExecutorPolicy.java:63)
	at org.gradle.internal.concurrent.ManagedExecutorImpl$1.run(ManagedExecutorImpl.java:46)
	at java.util.concurrent.ThreadPoolExecutor.runWorker(ThreadPoolExecutor.java:1142)
	at java.util.concurrent.ThreadPoolExecutor$Worker.run(ThreadPoolExecutor.java:617)
	at org.gradle.internal.concurrent.ThreadFactoryImpl$ManagedThreadRunnable.run(ThreadFactoryImpl.java:55)
	at java.lang.Thread.run(Thread.java:745)
</failure>
  </testcase>
  <testcase name="test10" classname="taxipark.TestTask4SmartPassengers" time="0.005">
    <failure message="java.lang.AssertionError: Wrong result for 'findSmartPassengers()'.&#13;&#10;Taxi park:&#13;&#10;Drivers: [D-0, D-1, D-2, D-3, D-4, D-5, D-6, D-7, D-8, D-9]&#13;&#10;Passengers: [P-0, P-1, P-2, P-3, P-4, P-5, P-6, P-7, P-8, P-9]&#13;&#10;Trips: [(D-8, [P-5, P-1], 27, 28.0), (D-9, [P-0, P-3, P-8, P-2], 15, 20.0), (D-4, [P-4, P-3, P-8], 15, 20.0, 0.1), (D-4, [P-3, P-7], 28, 27.0), (D-7, [P-7], 6, 32.0, 0.2), (D-2, [P-6], 2, 30.0), (D-8, [P-2, P-7, P-4, P-3], 4, 2.0, 0.2), (D-5, [P-6, P-5], 22, 6.0, 0.2), (D-7, [P-8], 12, 0.0, 0.3), (D-1, [P-5, P-8, P-4, P-9], 36, 6.0), (D-4, [P-8], 9, 32.0, 0.3), (D-0, [P-4], 6, 31.0), (D-3, [P-2, P-8, P-6], 10, 31.0, 0.4), (D-1, [P-7, P-6], 38, 16.0), (D-6, [P-7, P-8], 35, 7.0), (D-7, [P-9, P-6], 12, 19.0), (D-9, [P-2], 7, 13.0), (D-0, [P-6], 30, 8.0), (D-3, [P-6], 18, 23.0, 0.2), (D-2, [P-9], 22, 12.0), (D-5, [P-4], 1, 35.0, 0.1), (D-6, [P-8], 2, 25.0, 0.1), (D-1, [P-8, P-4, P-7, P-5], 13, 20.0), (D-5, [P-7], 3, 18.0), (D-0, [P-1, P-8, P-5], 7, 30.0, 0.3), (D-7, [P-6, P-1, P-9], 36, 4.0, 0.3), (D-0, [P-8, P-0], 13, 29.0, 0.4), (D-3, [P-7, P-9, P-2], 33, 22.0), (D-2, [P-7, P-6], 4, 30.0), (D-5, [P-4, P-9, P-3], 32, 5.0, 0.2), (D-6, [P-9], 24, 14.0), (D-6, [P-8, P-2], 31, 29.0), (D-4, [P-6], 35, 2.0), (D-3, [P-7, P-8], 8, 27.0, 0.3), (D-8, [P-5, P-7], 9, 32.0, 0.1), (D-7, [P-1, P-5, P-9], 16, 6.0), (D-0, [P-9], 30, 36.0), (D-5, [P-3, P-8, P-7, P-6], 25, 24.0, 0.2), (D-8, [P-6, P-3], 11, 36.0, 0.1), (D-3, [P-3, P-4, P-1], 2, 11.0)]&#13;&#10; expected:&lt;[Passenger(name=P-3), Passenger(name=P-8)]&gt; but was:&lt;[]&gt;" type="java.lang.AssertionError">java.lang.AssertionError: Wrong result for 'findSmartPassengers()'.
Taxi park:
Drivers: [D-0, D-1, D-2, D-3, D-4, D-5, D-6, D-7, D-8, D-9]
Passengers: [P-0, P-1, P-2, P-3, P-4, P-5, P-6, P-7, P-8, P-9]
Trips: [(D-8, [P-5, P-1], 27, 28.0), (D-9, [P-0, P-3, P-8, P-2], 15, 20.0), (D-4, [P-4, P-3, P-8], 15, 20.0, 0.1), (D-4, [P-3, P-7], 28, 27.0), (D-7, [P-7], 6, 32.0, 0.2), (D-2, [P-6], 2, 30.0), (D-8, [P-2, P-7, P-4, P-3], 4, 2.0, 0.2), (D-5, [P-6, P-5], 22, 6.0, 0.2), (D-7, [P-8], 12, 0.0, 0.3), (D-1, [P-5, P-8, P-4, P-9], 36, 6.0), (D-4, [P-8], 9, 32.0, 0.3), (D-0, [P-4], 6, 31.0), (D-3, [P-2, P-8, P-6], 10, 31.0, 0.4), (D-1, [P-7, P-6], 38, 16.0), (D-6, [P-7, P-8], 35, 7.0), (D-7, [P-9, P-6], 12, 19.0), (D-9, [P-2], 7, 13.0), (D-0, [P-6], 30, 8.0), (D-3, [P-6], 18, 23.0, 0.2), (D-2, [P-9], 22, 12.0), (D-5, [P-4], 1, 35.0, 0.1), (D-6, [P-8], 2, 25.0, 0.1), (D-1, [P-8, P-4, P-7, P-5], 13, 20.0), (D-5, [P-7], 3, 18.0), (D-0, [P-1, P-8, P-5], 7, 30.0, 0.3), (D-7, [P-6, P-1, P-9], 36, 4.0, 0.3), (D-0, [P-8, P-0], 13, 29.0, 0.4), (D-3, [P-7, P-9, P-2], 33, 22.0), (D-2, [P-7, P-6], 4, 30.0), (D-5, [P-4, P-9, P-3], 32, 5.0, 0.2), (D-6, [P-9], 24, 14.0), (D-6, [P-8, P-2], 31, 29.0), (D-4, [P-6], 35, 2.0), (D-3, [P-7, P-8], 8, 27.0, 0.3), (D-8, [P-5, P-7], 9, 32.0, 0.1), (D-7, [P-1, P-5, P-9], 16, 6.0), (D-0, [P-9], 30, 36.0), (D-5, [P-3, P-8, P-7, P-6], 25, 24.0, 0.2), (D-8, [P-6, P-3], 11, 36.0, 0.1), (D-3, [P-3, P-4, P-1], 2, 11.0)]
 expected:&lt;[Passenger(name=P-3), Passenger(name=P-8)]&gt; but was:&lt;[]&gt;
	at org.junit.Assert.fail(Assert.java:88)
	at org.junit.Assert.failNotEquals(Assert.java:834)
	at org.junit.Assert.assertEquals(Assert.java:118)
	at taxipark.TestTask4SmartPassengers.testSmartPassengers(TestTask4SmartPassengers.kt:13)
	at taxipark.TestTask4SmartPassengers.test10(TestTask4SmartPassengers.kt:176)
	at sun.reflect.NativeMethodAccessorImpl.invoke0(Native Method)
	at sun.reflect.NativeMethodAccessorImpl.invoke(NativeMethodAccessorImpl.java:62)
	at sun.reflect.DelegatingMethodAccessorImpl.invoke(DelegatingMethodAccessorImpl.java:43)
	at java.lang.reflect.Method.invoke(Method.java:497)
	at org.junit.runners.model.FrameworkMethod$1.runReflectiveCall(FrameworkMethod.java:50)
	at org.junit.internal.runners.model.ReflectiveCallable.run(ReflectiveCallable.java:12)
	at org.junit.runners.model.FrameworkMethod.invokeExplosively(FrameworkMethod.java:47)
	at org.junit.internal.runners.statements.InvokeMethod.evaluate(InvokeMethod.java:17)
	at org.junit.runners.ParentRunner.runLeaf(ParentRunner.java:325)
	at org.junit.runners.BlockJUnit4ClassRunner.runChild(BlockJUnit4ClassRunner.java:78)
	at org.junit.runners.BlockJUnit4ClassRunner.runChild(BlockJUnit4ClassRunner.java:57)
	at org.junit.runners.ParentRunner$3.run(ParentRunner.java:290)
	at org.junit.runners.ParentRunner$1.schedule(ParentRunner.java:71)
	at org.junit.runners.ParentRunner.runChildren(ParentRunner.java:288)
	at org.junit.runners.ParentRunner.access$000(ParentRunner.java:58)
	at org.junit.runners.ParentRunner$2.evaluate(ParentRunner.java:268)
	at org.junit.runners.ParentRunner.run(ParentRunner.java:363)
	at org.gradle.api.internal.tasks.testing.junit.JUnitTestClassExecutor.runTestClass(JUnitTestClassExecutor.java:110)
	at org.gradle.api.internal.tasks.testing.junit.JUnitTestClassExecutor.execute(JUnitTestClassExecutor.java:58)
	at org.gradle.api.internal.tasks.testing.junit.JUnitTestClassExecutor.execute(JUnitTestClassExecutor.java:38)
	at org.gradle.api.internal.tasks.testing.junit.AbstractJUnitTestClassProcessor.processTestClass(AbstractJUnitTestClassProcessor.java:62)
	at org.gradle.api.internal.tasks.testing.SuiteTestClassProcessor.processTestClass(SuiteTestClassProcessor.java:51)
	at sun.reflect.NativeMethodAccessorImpl.invoke0(Native Method)
	at sun.reflect.NativeMethodAccessorImpl.invoke(NativeMethodAccessorImpl.java:62)
	at sun.reflect.DelegatingMethodAccessorImpl.invoke(DelegatingMethodAccessorImpl.java:43)
	at java.lang.reflect.Method.invoke(Method.java:497)
	at org.gradle.internal.dispatch.ReflectionDispatch.dispatch(ReflectionDispatch.java:35)
	at org.gradle.internal.dispatch.ReflectionDispatch.dispatch(ReflectionDispatch.java:24)
	at org.gradle.internal.dispatch.ContextClassLoaderDispatch.dispatch(ContextClassLoaderDispatch.java:32)
	at org.gradle.internal.dispatch.ProxyDispatchAdapter$DispatchingInvocationHandler.invoke(ProxyDispatchAdapter.java:93)
	at com.sun.proxy.$Proxy2.processTestClass(Unknown Source)
	at org.gradle.api.internal.tasks.testing.worker.TestWorker.processTestClass(TestWorker.java:118)
	at sun.reflect.NativeMethodAccessorImpl.invoke0(Native Method)
	at sun.reflect.NativeMethodAccessorImpl.invoke(NativeMethodAccessorImpl.java:62)
	at sun.reflect.DelegatingMethodAccessorImpl.invoke(DelegatingMethodAccessorImpl.java:43)
	at java.lang.reflect.Method.invoke(Method.java:497)
	at org.gradle.internal.dispatch.ReflectionDispatch.dispatch(ReflectionDispatch.java:35)
	at org.gradle.internal.dispatch.ReflectionDispatch.dispatch(ReflectionDispatch.java:24)
	at org.gradle.internal.remote.internal.hub.MessageHubBackedObjectConnection$DispatchWrapper.dispatch(MessageHubBackedObjectConnection.java:175)
	at org.gradle.internal.remote.internal.hub.MessageHubBackedObjectConnection$DispatchWrapper.dispatch(MessageHubBackedObjectConnection.java:157)
	at org.gradle.internal.remote.internal.hub.MessageHub$Handler.run(MessageHub.java:404)
	at org.gradle.internal.concurrent.ExecutorPolicy$CatchAndRecordFailures.onExecute(ExecutorPolicy.java:63)
	at org.gradle.internal.concurrent.ManagedExecutorImpl$1.run(ManagedExecutorImpl.java:46)
	at java.util.concurrent.ThreadPoolExecutor.runWorker(ThreadPoolExecutor.java:1142)
	at java.util.concurrent.ThreadPoolExecutor$Worker.run(ThreadPoolExecutor.java:617)
	at org.gradle.internal.concurrent.ThreadFactoryImpl$ManagedThreadRunnable.run(ThreadFactoryImpl.java:55)
	at java.lang.Thread.run(Thread.java:745)
</failure>
  </testcase>
  <testcase name="test11" classname="taxipark.TestTask4SmartPassengers" time="0.003">
    <failure message="java.lang.AssertionError: Wrong result for 'findSmartPassengers()'.&#13;&#10;Taxi park:&#13;&#10;Drivers: [D-0, D-1, D-2, D-3]&#13;&#10;Passengers: [P-0, P-1, P-2, P-3, P-4, P-5, P-6, P-7, P-8, P-9]&#13;&#10;Trips: [(D-3, [P-9, P-0], 5, 7.0), (D-3, [P-5, P-6, P-3, P-9], 20, 13.0), (D-0, [P-4, P-3], 4, 25.0), (D-0, [P-4, P-5], 10, 20.0, 0.4), (D-2, [P-1, P-2], 32, 4.0), (D-2, [P-0, P-9], 26, 20.0), (D-3, [P-2, P-5, P-9], 4, 9.0, 0.2), (D-3, [P-6, P-5, P-7], 24, 11.0, 0.1)]&#13;&#10; expected:&lt;[Passenger(name=P-5), Passenger(name=P-7)]&gt; but was:&lt;[Passenger(name=P-7)]&gt;" type="java.lang.AssertionError">java.lang.AssertionError: Wrong result for 'findSmartPassengers()'.
Taxi park:
Drivers: [D-0, D-1, D-2, D-3]
Passengers: [P-0, P-1, P-2, P-3, P-4, P-5, P-6, P-7, P-8, P-9]
Trips: [(D-3, [P-9, P-0], 5, 7.0), (D-3, [P-5, P-6, P-3, P-9], 20, 13.0), (D-0, [P-4, P-3], 4, 25.0), (D-0, [P-4, P-5], 10, 20.0, 0.4), (D-2, [P-1, P-2], 32, 4.0), (D-2, [P-0, P-9], 26, 20.0), (D-3, [P-2, P-5, P-9], 4, 9.0, 0.2), (D-3, [P-6, P-5, P-7], 24, 11.0, 0.1)]
 expected:&lt;[Passenger(name=P-5), Passenger(name=P-7)]&gt; but was:&lt;[Passenger(name=P-7)]&gt;
	at org.junit.Assert.fail(Assert.java:88)
	at org.junit.Assert.failNotEquals(Assert.java:834)
	at org.junit.Assert.assertEquals(Assert.java:118)
	at taxipark.TestTask4SmartPassengers.testSmartPassengers(TestTask4SmartPassengers.kt:13)
	at taxipark.TestTask4SmartPassengers.test11(TestTask4SmartPassengers.kt:219)
	at sun.reflect.NativeMethodAccessorImpl.invoke0(Native Method)
	at sun.reflect.NativeMethodAccessorImpl.invoke(NativeMethodAccessorImpl.java:62)
	at sun.reflect.DelegatingMethodAccessorImpl.invoke(DelegatingMethodAccessorImpl.java:43)
	at java.lang.reflect.Method.invoke(Method.java:497)
	at org.junit.runners.model.FrameworkMethod$1.runReflectiveCall(FrameworkMethod.java:50)
	at org.junit.internal.runners.model.ReflectiveCallable.run(ReflectiveCallable.java:12)
	at org.junit.runners.model.FrameworkMethod.invokeExplosively(FrameworkMethod.java:47)
	at org.junit.internal.runners.statements.InvokeMethod.evaluate(InvokeMethod.java:17)
	at org.junit.runners.ParentRunner.runLeaf(ParentRunner.java:325)
	at org.junit.runners.BlockJUnit4ClassRunner.runChild(BlockJUnit4ClassRunner.java:78)
	at org.junit.runners.BlockJUnit4ClassRunner.runChild(BlockJUnit4ClassRunner.java:57)
	at org.junit.runners.ParentRunner$3.run(ParentRunner.java:290)
	at org.junit.runners.ParentRunner$1.schedule(ParentRunner.java:71)
	at org.junit.runners.ParentRunner.runChildren(ParentRunner.java:288)
	at org.junit.runners.ParentRunner.access$000(ParentRunner.java:58)
	at org.junit.runners.ParentRunner$2.evaluate(ParentRunner.java:268)
	at org.junit.runners.ParentRunner.run(ParentRunner.java:363)
	at org.gradle.api.internal.tasks.testing.junit.JUnitTestClassExecutor.runTestClass(JUnitTestClassExecutor.java:110)
	at org.gradle.api.internal.tasks.testing.junit.JUnitTestClassExecutor.execute(JUnitTestClassExecutor.java:58)
	at org.gradle.api.internal.tasks.testing.junit.JUnitTestClassExecutor.execute(JUnitTestClassExecutor.java:38)
	at org.gradle.api.internal.tasks.testing.junit.AbstractJUnitTestClassProcessor.processTestClass(AbstractJUnitTestClassProcessor.java:62)
	at org.gradle.api.internal.tasks.testing.SuiteTestClassProcessor.processTestClass(SuiteTestClassProcessor.java:51)
	at sun.reflect.NativeMethodAccessorImpl.invoke0(Native Method)
	at sun.reflect.NativeMethodAccessorImpl.invoke(NativeMethodAccessorImpl.java:62)
	at sun.reflect.DelegatingMethodAccessorImpl.invoke(DelegatingMethodAccessorImpl.java:43)
	at java.lang.reflect.Method.invoke(Method.java:497)
	at org.gradle.internal.dispatch.ReflectionDispatch.dispatch(ReflectionDispatch.java:35)
	at org.gradle.internal.dispatch.ReflectionDispatch.dispatch(ReflectionDispatch.java:24)
	at org.gradle.internal.dispatch.ContextClassLoaderDispatch.dispatch(ContextClassLoaderDispatch.java:32)
	at org.gradle.internal.dispatch.ProxyDispatchAdapter$DispatchingInvocationHandler.invoke(ProxyDispatchAdapter.java:93)
	at com.sun.proxy.$Proxy2.processTestClass(Unknown Source)
	at org.gradle.api.internal.tasks.testing.worker.TestWorker.processTestClass(TestWorker.java:118)
	at sun.reflect.NativeMethodAccessorImpl.invoke0(Native Method)
	at sun.reflect.NativeMethodAccessorImpl.invoke(NativeMethodAccessorImpl.java:62)
	at sun.reflect.DelegatingMethodAccessorImpl.invoke(DelegatingMethodAccessorImpl.java:43)
	at java.lang.reflect.Method.invoke(Method.java:497)
	at org.gradle.internal.dispatch.ReflectionDispatch.dispatch(ReflectionDispatch.java:35)
	at org.gradle.internal.dispatch.ReflectionDispatch.dispatch(ReflectionDispatch.java:24)
	at org.gradle.internal.remote.internal.hub.MessageHubBackedObjectConnection$DispatchWrapper.dispatch(MessageHubBackedObjectConnection.java:175)
	at org.gradle.internal.remote.internal.hub.MessageHubBackedObjectConnection$DispatchWrapper.dispatch(MessageHubBackedObjectConnection.java:157)
	at org.gradle.internal.remote.internal.hub.MessageHub$Handler.run(MessageHub.java:404)
	at org.gradle.internal.concurrent.ExecutorPolicy$CatchAndRecordFailures.onExecute(ExecutorPolicy.java:63)
	at org.gradle.internal.concurrent.ManagedExecutorImpl$1.run(ManagedExecutorImpl.java:46)
	at java.util.concurrent.ThreadPoolExecutor.runWorker(ThreadPoolExecutor.java:1142)
	at java.util.concurrent.ThreadPoolExecutor$Worker.run(ThreadPoolExecutor.java:617)
	at org.gradle.internal.concurrent.ThreadFactoryImpl$ManagedThreadRunnable.run(ThreadFactoryImpl.java:55)
	at java.lang.Thread.run(Thread.java:745)
</failure>
  </testcase>
  <system-out><![CDATA[[]
[]
[(Passenger(name=P-1), 1)]
[(Passenger(name=P-1), 1), (Passenger(name=P-2), 1)]
[(Passenger(name=P-5), 1), (Passenger(name=P-9), 1), (Passenger(name=P-2), 1), (Passenger(name=P-3), 1)]
[(Passenger(name=P-2), 2), (Passenger(name=P-5), 3), (Passenger(name=P-9), 3), (Passenger(name=P-3), 3), (Passenger(name=P-8), 3), (Passenger(name=P-4), 3), (Passenger(name=P-1), 1), (Passenger(name=P-0), 1), (Passenger(name=P-7), 1)]
[(Passenger(name=P-2), 6), (Passenger(name=P-1), 2), (Passenger(name=P-0), 4)]
[(Passenger(name=P-2), 10), (Passenger(name=P-1), 5), (Passenger(name=P-0), 8)]
[(Passenger(name=P-1), 5), (Passenger(name=P-0), 3), (Passenger(name=P-2), 2)]
[(Passenger(name=P-0), 5), (Passenger(name=P-2), 5), (Passenger(name=P-1), 7)]
[(Passenger(name=P-1), 4), (Passenger(name=P-2), 3), (Passenger(name=P-0), 2)]
[(Passenger(name=P-0), 5), (Passenger(name=P-1), 8), (Passenger(name=P-2), 7)]
[(Passenger(name=P-2), 5), (Passenger(name=P-0), 3), (Passenger(name=P-1), 1)]
[(Passenger(name=P-1), 7), (Passenger(name=P-2), 7), (Passenger(name=P-0), 6)]
[(Passenger(name=P-2), 3), (Passenger(name=P-0), 1), (Passenger(name=P-1), 2)]
[(Passenger(name=P-2), 7), (Passenger(name=P-0), 3), (Passenger(name=P-1), 7)]
[(Passenger(name=P-2), 3), (Passenger(name=P-1), 4)]
[(Passenger(name=P-0), 5), (Passenger(name=P-2), 7), (Passenger(name=P-1), 9)]
[(Passenger(name=P-7), 7), (Passenger(name=P-4), 3), (Passenger(name=P-0), 5), (Passenger(name=P-5), 6), (Passenger(name=P-9), 5), (Passenger(name=P-2), 3), (Passenger(name=P-1), 3), (Passenger(name=P-8), 3), (Passenger(name=P-6), 3), (Passenger(name=P-3), 2)]
[(Passenger(name=P-7), 14), (Passenger(name=P-4), 8), (Passenger(name=P-0), 7), (Passenger(name=P-5), 11), (Passenger(name=P-9), 12), (Passenger(name=P-2), 5), (Passenger(name=P-1), 5), (Passenger(name=P-3), 4), (Passenger(name=P-6), 8), (Passenger(name=P-8), 6)]
[(Passenger(name=P-4), 4), (Passenger(name=P-3), 5), (Passenger(name=P-8), 9), (Passenger(name=P-7), 5), (Passenger(name=P-2), 2), (Passenger(name=P-6), 6), (Passenger(name=P-5), 3), (Passenger(name=P-1), 2), (Passenger(name=P-9), 2), (Passenger(name=P-0), 1)]
[(Passenger(name=P-5), 7), (Passenger(name=P-1), 5), (Passenger(name=P-0), 2), (Passenger(name=P-3), 8), (Passenger(name=P-8), 14), (Passenger(name=P-2), 6), (Passenger(name=P-4), 8), (Passenger(name=P-7), 12), (Passenger(name=P-6), 12), (Passenger(name=P-9), 9)]
[(Passenger(name=P-4), 1), (Passenger(name=P-5), 3), (Passenger(name=P-2), 1), (Passenger(name=P-9), 1), (Passenger(name=P-6), 1), (Passenger(name=P-7), 1)]
[(Passenger(name=P-9), 4), (Passenger(name=P-0), 2), (Passenger(name=P-5), 4), (Passenger(name=P-6), 2), (Passenger(name=P-3), 2), (Passenger(name=P-4), 2), (Passenger(name=P-1), 1), (Passenger(name=P-2), 2), (Passenger(name=P-7), 1)]
]]></system-out>
  <system-err><![CDATA[]]></system-err>
</testsuite>
