# JRE version: Java(TM) SE Runtime Environment (8.0_45-b14) (build 1.8.0_45-b14)
# Java VM: Java HotSpot(TM) 64-Bit Server VM (25.45-b02 mixed mode windows-amd64 compressed oops)
Heap:
 PSYoungGen      total 157184K, used 122951K [0x00000000f5580000, 0x0000000100000000, 0x0000000100000000)
  eden space 141312K, 80% used [0x00000000f5580000,0x00000000fc4d44f0,0x00000000fdf80000)
  from space 15872K, 56% used [0x00000000fdf80000,0x00000000fe83d888,0x00000000fef00000)
  to   space 15360K, 0% used [0x00000000ff100000,0x00000000ff100000,0x0000000100000000)
 ParOldGen       total 76288K, used 36420K [0x00000000e0000000, 0x00000000e4a80000, 0x00000000f5580000)
  object space 76288K, 47% used [0x00000000e0000000,0x00000000e2391290,0x00000000e4a80000)
 Metaspace       used 69101K, capacity 73314K, committed 73560K, reserved 1112064K
  class space    used 9251K, capacity 10032K, committed 10112K, reserved 1048576K
GC Heap History (10 events):
Event: 1109.658 GC heap before
{Heap before GC invocations=34 (full 3):
 PSYoungGen      total 152064K, used 142888K [0x00000000f5580000, 0x00000000ffd80000, 0x0000000100000000)
  eden space 135168K, 100% used [0x00000000f5580000,0x00000000fd980000,0x00000000fd980000)
  from space 16896K, 45% used [0x00000000fed00000,0x00000000ff48a018,0x00000000ffd80000)
  to   space 18432K, 0% used [0x00000000fd980000,0x00000000fd980000,0x00000000feb80000)
 ParOldGen       total 76288K, used 36388K [0x00000000e0000000, 0x00000000e4a80000, 0x00000000f5580000)
  object space 76288K, 47% used [0x00000000e0000000,0x00000000e2389290,0x00000000e4a80000)
 Metaspace       used 66881K, capacity 69800K, committed 69976K, reserved 1110016K
  class space    used 8961K, capacity 9577K, committed 9600K, reserved 1048576K
Event: 1109.707 GC heap after
Heap after GC invocations=34 (full 3):
 PSYoungGen      total 153600K, used 7948K [0x00000000f5580000, 0x0000000100000000, 0x0000000100000000)
  eden space 135168K, 0% used [0x00000000f5580000,0x00000000f5580000,0x00000000fd980000)
  from space 18432K, 43% used [0x00000000fd980000,0x00000000fe1433e8,0x00000000feb80000)
  to   space 17920K, 0% used [0x00000000fee80000,0x00000000fee80000,0x0000000100000000)
 ParOldGen       total 76288K, used 36396K [0x00000000e0000000, 0x00000000e4a80000, 0x00000000f5580000)
  object space 76288K, 47% used [0x00000000e0000000,0x00000000e238b290,0x00000000e4a80000)
 Metaspace       used 66881K, capacity 69800K, committed 69976K, reserved 1110016K
  class space    used 8961K, capacity 9577K, committed 9600K, reserved 1048576K
}
Event: 1127.812 GC heap before
{Heap before GC invocations=35 (full 3):
 PSYoungGen      total 153600K, used 143116K [0x00000000f5580000, 0x0000000100000000, 0x0000000100000000)
  eden space 135168K, 100% used [0x00000000f5580000,0x00000000fd980000,0x00000000fd980000)
  from space 18432K, 43% used [0x00000000fd980000,0x00000000fe1433e8,0x00000000feb80000)
  to   space 17920K, 0% used [0x00000000fee80000,0x00000000fee80000,0x0000000100000000)
 ParOldGen       total 76288K, used 36396K [0x00000000e0000000, 0x00000000e4a80000, 0x00000000f5580000)
  object space 76288K, 47% used [0x00000000e0000000,0x00000000e238b290,0x00000000e4a80000)
 Metaspace       used 67112K, capacity 70092K, committed 70232K, reserved 1110016K
  class space    used 8976K, capacity 9598K, committed 9600K, reserved 1048576K
Event: 1127.929 GC heap after
Heap after GC invocations=35 (full 3):
 PSYoungGen      total 153600K, used 7228K [0x00000000f5580000, 0x00000000ffd80000, 0x0000000100000000)
  eden space 138240K, 0% used [0x00000000f5580000,0x00000000f5580000,0x00000000fdc80000)
  from space 15360K, 47% used [0x00000000fee80000,0x00000000ff58f3d8,0x00000000ffd80000)
  to   space 16896K, 0% used [0x00000000fdc80000,0x00000000fdc80000,0x00000000fed00000)
 ParOldGen       total 76288K, used 36404K [0x00000000e0000000, 0x00000000e4a80000, 0x00000000f5580000)
  object space 76288K, 47% used [0x00000000e0000000,0x00000000e238d290,0x00000000e4a80000)
 Metaspace       used 67112K, capacity 70092K, committed 70232K, reserved 1110016K
  class space    used 8976K, capacity 9598K, committed 9600K, reserved 1048576K
}
Event: 1618.034 GC heap before
{Heap before GC invocations=36 (full 3):
 PSYoungGen      total 153600K, used 145468K [0x00000000f5580000, 0x00000000ffd80000, 0x0000000100000000)
  eden space 138240K, 100% used [0x00000000f5580000,0x00000000fdc80000,0x00000000fdc80000)
  from space 15360K, 47% used [0x00000000fee80000,0x00000000ff58f3d8,0x00000000ffd80000)
  to   space 16896K, 0% used [0x00000000fdc80000,0x00000000fdc80000,0x00000000fed00000)
 ParOldGen       total 76288K, used 36404K [0x00000000e0000000, 0x00000000e4a80000, 0x00000000f5580000)
  object space 76288K, 47% used [0x00000000e0000000,0x00000000e238d290,0x00000000e4a80000)
 Metaspace       used 67740K, capacity 70734K, committed 70872K, reserved 1110016K
  class space    used 9030K, capacity 9654K, committed 9728K, reserved 1048576K
Event: 1618.084 GC heap after
Heap after GC invocations=36 (full 3):
 PSYoungGen      total 155136K, used 8696K [0x00000000f5580000, 0x0000000100000000, 0x0000000100000000)
  eden space 138240K, 0% used [0x00000000f5580000,0x00000000f5580000,0x00000000fdc80000)
  from space 16896K, 51% used [0x00000000fdc80000,0x00000000fe4fe048,0x00000000fed00000)
  to   space 16384K, 0% used [0x00000000ff000000,0x00000000ff000000,0x0000000100000000)
 ParOldGen       total 76288K, used 36412K [0x00000000e0000000, 0x00000000e4a80000, 0x00000000f5580000)
  object space 76288K, 47% used [0x00000000e0000000,0x00000000e238f290,0x00000000e4a80000)
 Metaspace       used 67740K, capacity 70734K, committed 70872K, reserved 1110016K
  class space    used 9030K, capacity 9654K, committed 9728K, reserved 1048576K
}
Event: 1696.474 GC heap before
{Heap before GC invocations=37 (full 3):
 PSYoungGen      total 155136K, used 146936K [0x00000000f5580000, 0x0000000100000000, 0x0000000100000000)
  eden space 138240K, 100% used [0x00000000f5580000,0x00000000fdc80000,0x00000000fdc80000)
  from space 16896K, 51% used [0x00000000fdc80000,0x00000000fe4fe048,0x00000000fed00000)
  to   space 16384K, 0% used [0x00000000ff000000,0x00000000ff000000,0x0000000100000000)
 ParOldGen       total 76288K, used 36412K [0x00000000e0000000, 0x00000000e4a80000, 0x00000000f5580000)
  object space 76288K, 47% used [0x00000000e0000000,0x00000000e238f290,0x00000000e4a80000)
 Metaspace       used 68378K, capacity 72298K, committed 72408K, reserved 1112064K
  class space    used 9166K, capacity 9896K, committed 9984K, reserved 1048576K
Event: 1696.594 GC heap after
Heap after GC invocations=37 (full 3):
 PSYoungGen      total 156160K, used 7502K [0x00000000f5580000, 0x00000000ffe80000, 0x0000000100000000)
  eden space 141312K, 0% used [0x00000000f5580000,0x00000000f5580000,0x00000000fdf80000)
  from space 14848K, 50% used [0x00000000ff000000,0x00000000ff753850,0x00000000ffe80000)
  to   space 15872K, 0% used [0x00000000fdf80000,0x00000000fdf80000,0x00000000fef00000)
 ParOldGen       total 76288K, used 36420K [0x00000000e0000000, 0x00000000e4a80000, 0x00000000f5580000)
  object space 76288K, 47% used [0x00000000e0000000,0x00000000e2391290,0x00000000e4a80000)
 Metaspace       used 68378K, capacity 72298K, committed 72408K, reserved 1112064K
  class space    used 9166K, capacity 9896K, committed 9984K, reserved 1048576K
}
Event: 1714.124 GC heap before
{Heap before GC invocations=38 (full 3):
 PSYoungGen      total 156160K, used 148814K [0x00000000f5580000, 0x00000000ffe80000, 0x0000000100000000)
  eden space 141312K, 100% used [0x00000000f5580000,0x00000000fdf80000,0x00000000fdf80000)
  from space 14848K, 50% used [0x00000000ff000000,0x00000000ff753850,0x00000000ffe80000)
  to   space 15872K, 0% used [0x00000000fdf80000,0x00000000fdf80000,0x00000000fef00000)
 ParOldGen       total 76288K, used 36420K [0x00000000e0000000, 0x00000000e4a80000, 0x00000000f5580000)
  object space 76288K, 47% used [0x00000000e0000000,0x00000000e2391290,0x00000000e4a80000)
 Metaspace       used 68613K, capacity 72616K, committed 72664K, reserved 1112064K
  class space    used 9191K, capacity 9940K, committed 9984K, reserved 1048576K
Event: 1714.233 GC heap after
Heap after GC invocations=38 (full 3):
 PSYoungGen      total 157184K, used 8950K [0x00000000f5580000, 0x0000000100000000, 0x0000000100000000)
  eden space 141312K, 0% used [0x00000000f5580000,0x00000000f5580000,0x00000000fdf80000)
  from space 15872K, 56% used [0x00000000fdf80000,0x00000000fe83d888,0x00000000fef00000)
  to   space 15360K, 0% used [0x00000000ff100000,0x00000000ff100000,0x0000000100000000)
 ParOldGen       total 76288K, used 36420K [0x00000000e0000000, 0x00000000e4a80000, 0x00000000f5580000)
  object space 76288K, 47% used [0x00000000e0000000,0x00000000e2391290,0x00000000e4a80000)
 Metaspace       used 68613K, capacity 72616K, committed 72664K, reserved 1112064K
  class space    used 9191K, capacity 9940K, committed 9984K, reserved 1048576K
}

